#
# There is insufficient memory for the Java Runtime Environment to continue.
# Native memory allocation (malloc) failed to allocate 1221456 bytes for Chunk::new
# Possible reasons:
#   The system is out of physical RAM or swap space
#   The process is running with CompressedOops enabled, and the Java Heap may be blocking the growth of the native heap
# Possible solutions:
#   Reduce memory load on the system
#   Increase physical memory or swap space
#   Check if swap backing store is full
#   Decrease Java heap size (-Xmx/-Xms)
#   Decrease number of Java threads
#   Decrease Java thread stack sizes (-Xss)
#   Set larger code cache with -XX:ReservedCodeCacheSize=
#   JVM is running with Unscaled Compressed Oops mode in which the Java heap is
#     placed in the first 4GB address space. The Java Heap base address is the
#     maximum limit for the native heap growth. Please use -XX:HeapBaseMinAddress
#     to set the Java Heap base and to place the Java Heap above 4GB virtual address.
# This output file may be truncated or incomplete.
#
#  Out of Memory Error (arena.cpp:189), pid=7228, tid=5060
#
# JRE version: OpenJDK Runtime Environment Temurin-17.0.7+7 (17.0.7+7) (build 17.0.7+7)
# Java VM: OpenJDK 64-Bit Server VM Temurin-17.0.7+7 (17.0.7+7, mixed mode, tiered, compressed oops, compressed class ptrs, g1 gc, windows-amd64)
# No core dump will be written. Minidumps are not enabled by default on client versions of Windows
#

---------------  S U M M A R Y ------------

Command Line: -Dcom.sun.management.jmxremote -Dcom.sun.management.jmxremote.port=57475 -Dcom.sun.management.jmxremote.authenticate=false -Dcom.sun.management.jmxremote.ssl=false -Dspring.jmx.enabled=true -Djava.rmi.server.hostname=localhost -Dspring.application.admin.enabled=true -Dspring.boot.project.name=nam -XX:+ShowCodeDetailsInExceptionMessages com.spcof.nam.NamApplication

Host: Intel(R) Core(TM) i7-3687U CPU @ 2.10GHz, 4 cores, 5G,  Windows 10 , 64 bit Build 19041 (10.0.19041.3031)
Time: Thu Aug 31 15:51:17 2023 SE Asia Standard Time elapsed time: 6639.567434 seconds (0d 1h 50m 39s)

---------------  T H R E A D  ---------------

Current thread (0x0000022497989970):  JavaThread "C2 CompilerThread0" daemon [_thread_in_native, id=5060, stack(0x00000064d4000000,0x00000064d4100000)]


Current CompileTask:
C2:6639567 6947   !   4       org.springframework.util.ReflectionUtils::doWithMethods (186 bytes)

Stack: [0x00000064d4000000,0x00000064d4100000]
Native frames: (J=compiled Java code, j=interpreted, Vv=VM code, C=native code)
V  [jvm.dll+0x67754a]
V  [jvm.dll+0x834304]
V  [jvm.dll+0x835aae]
V  [jvm.dll+0x836113]
V  [jvm.dll+0x24696f]
V  [jvm.dll+0xac0ac]
V  [jvm.dll+0xac67c]
V  [jvm.dll+0x2adbef]
V  [jvm.dll+0x580067]
V  [jvm.dll+0x221e72]
V  [jvm.dll+0x22224f]
V  [jvm.dll+0x21b4a5]
V  [jvm.dll+0x21895b]
V  [jvm.dll+0x1a4d8d]
V  [jvm.dll+0x2284da]
V  [jvm.dll+0x226615]
V  [jvm.dll+0x7ea90b]
V  [jvm.dll+0x7e4e7a]
V  [jvm.dll+0x676395]
C  [ucrtbase.dll+0x21bb2]
C  [KERNEL32.DLL+0x17614]
C  [ntdll.dll+0x526f1]


---------------  P R O C E S S  ---------------

Threads class SMR info:
_java_thread_list=0x000002249d2bd090, length=35, elements={
0x000002249794d0e0, 0x000002249794e830, 0x0000022497981c50, 0x0000022497983420,
0x0000022497987a90, 0x0000022497988440, 0x0000022497989970, 0x00000224979900c0,
0x00000224979a4960, 0x0000022497b73370, 0x0000022497ca9f70, 0x000002249c1e7080,
0x000002249c32e5f0, 0x000002249c3b3010, 0x000002249f3b8e90, 0x000002249f834870,
0x000002249f8373c0, 0x000002249f8390a0, 0x000002249c0338d0, 0x000002249f835bb0,
0x000002249f83bbf0, 0x000002249f83c0c0, 0x000002249f83a8b0, 0x000002249f837890,
0x000002249f834d40, 0x000002249f835210, 0x000002249f838700, 0x000002249f8356e0,
0x000002249f836080, 0x000002249f836550, 0x000002249f839a40, 0x000002249f83ad80,
0x000002249f836a20, 0x000002249f838bd0, 0x000002249f837d60
}
_to_delete_list=0x000002249ebe4870, length=24, elements={
0x000002249794d0e0, 0x000002249794e830, 0x0000022497981c50, 0x0000022497983420,
0x0000022497987a90, 0x0000022497988440, 0x0000022497989970, 0x00000224979900c0,
0x00000224979a4960, 0x0000022497b73370, 0x0000022497ca9f70, 0x000002249c1e7080,
0x000002249c32e5f0, 0x000002249c3b3010, 0x000002249f3b8e90, 0x000002249f834870,
0x000002249f8373c0, 0x000002249f8390a0, 0x000002249f838230, 0x000002249f83b720,
0x000002249c0338d0, 0x000002249f835bb0, 0x000002249f83bbf0, 0x000002249f83c0c0
}

Java Threads: ( => current thread )
  0x000002249794d0e0 JavaThread "Reference Handler" daemon [_thread_blocked, id=10600, stack(0x00000064d3a00000,0x00000064d3b00000)]
  0x000002249794e830 JavaThread "Finalizer" daemon [_thread_blocked, id=10016, stack(0x00000064d3b00000,0x00000064d3c00000)]
  0x0000022497981c50 JavaThread "Signal Dispatcher" daemon [_thread_blocked, id=336, stack(0x00000064d3c00000,0x00000064d3d00000)]
  0x0000022497983420 JavaThread "Attach Listener" daemon [_thread_blocked, id=1496, stack(0x00000064d3d00000,0x00000064d3e00000)]
  0x0000022497987a90 JavaThread "Service Thread" daemon [_thread_blocked, id=664, stack(0x00000064d3e00000,0x00000064d3f00000)]
  0x0000022497988440 JavaThread "Monitor Deflation Thread" daemon [_thread_blocked, id=576, stack(0x00000064d3f00000,0x00000064d4000000)]
=>0x0000022497989970 JavaThread "C2 CompilerThread0" daemon [_thread_in_native, id=5060, stack(0x00000064d4000000,0x00000064d4100000)]
  0x00000224979900c0 JavaThread "C1 CompilerThread0" daemon [_thread_blocked, id=5460, stack(0x00000064d4100000,0x00000064d4200000)]
  0x00000224979a4960 JavaThread "Sweeper thread" daemon [_thread_blocked, id=2192, stack(0x00000064d4200000,0x00000064d4300000)]
  0x0000022497b73370 JavaThread "Common-Cleaner" daemon [_thread_blocked, id=8412, stack(0x00000064d4300000,0x00000064d4400000)]
  0x0000022497ca9f70 JavaThread "Notification Thread" daemon [_thread_blocked, id=5780, stack(0x00000064d4400000,0x00000064d4500000)]
  0x000002249c1e7080 JavaThread "RMI TCP Accept-0" daemon [_thread_in_native, id=10416, stack(0x00000064d4600000,0x00000064d4700000)]
  0x000002249c32e5f0 JavaThread "RMI TCP Accept-57475" daemon [_thread_in_native, id=984, stack(0x00000064d4700000,0x00000064d4800000)]
  0x000002249c3b3010 JavaThread "RMI TCP Accept-0" daemon [_thread_in_native, id=7104, stack(0x00000064d4800000,0x00000064d4900000)]
  0x000002249f3b8e90 JavaThread "Live Reload Server" daemon [_thread_in_native, id=4748, stack(0x00000064d5500000,0x00000064d5600000)]
  0x000002249f834870 JavaThread "DestroyJavaVM" [_thread_blocked, id=8304, stack(0x00000064d3300000,0x00000064d3400000)]
  0x000002249f8373c0 JavaThread "Catalina-utility-1" [_thread_blocked, id=3264, stack(0x00000064d4e00000,0x00000064d4f00000)]
  0x000002249f8390a0 JavaThread "Catalina-utility-2" [_thread_blocked, id=9788, stack(0x00000064d4f00000,0x00000064d5000000)]
  0x000002249c0338d0 JavaThread "C2 CompilerThread1" daemon [_thread_blocked, id=10144, stack(0x00000064d4500000,0x00000064d4600000)]
  0x000002249f835bb0 JavaThread "Catalina-utility-1" [_thread_new, id=1860, stack(0x0000000000000000,0x0000000000000000)]
  0x000002249f83bbf0 JavaThread "Catalina-utility-2" [_thread_new, id=3292, stack(0x0000000000000000,0x0000000000000000)]
  0x000002249f83c0c0 JavaThread "container-0" [_thread_blocked, id=5948, stack(0x00000064d5200000,0x00000064d5300000)]
  0x000002249f83a8b0 JavaThread "File Watcher" daemon [_thread_blocked, id=4888, stack(0x00000064d5300000,0x00000064d5400000)]
  0x000002249f837890 JavaThread "http-nio-8080-exec-1" daemon [_thread_blocked, id=5064, stack(0x00000064d5400000,0x00000064d5500000)]
  0x000002249f834d40 JavaThread "http-nio-8080-exec-2" daemon [_thread_in_native, id=6004, stack(0x00000064d5600000,0x00000064d5700000)]
  0x000002249f835210 JavaThread "http-nio-8080-exec-3" daemon [_thread_blocked, id=10676, stack(0x00000064d5700000,0x00000064d5800000)]
  0x000002249f838700 JavaThread "http-nio-8080-exec-4" daemon [_thread_blocked, id=3464, stack(0x00000064d5800000,0x00000064d5900000)]
  0x000002249f8356e0 JavaThread "http-nio-8080-exec-5" daemon [_thread_blocked, id=9956, stack(0x00000064d5900000,0x00000064d5a00000)]
  0x000002249f836080 JavaThread "http-nio-8080-exec-6" daemon [_thread_blocked, id=5512, stack(0x00000064d5a00000,0x00000064d5b00000)]
  0x000002249f836550 JavaThread "http-nio-8080-exec-7" daemon [_thread_blocked, id=3528, stack(0x00000064d5b00000,0x00000064d5c00000)]
  0x000002249f839a40 JavaThread "http-nio-8080-exec-8" daemon [_thread_blocked, id=9916, stack(0x00000064d5c00000,0x00000064d5d00000)]
  0x000002249f83ad80 JavaThread "http-nio-8080-exec-9" daemon [_thread_blocked, id=7212, stack(0x00000064d5d00000,0x00000064d5e00000)]
  0x000002249f836a20 JavaThread "http-nio-8080-exec-10" daemon [_thread_blocked, id=7356, stack(0x00000064d5e00000,0x00000064d5f00000)]
  0x000002249f838bd0 JavaThread "http-nio-8080-Poller" daemon [_thread_in_native, id=240, stack(0x00000064d5f00000,0x00000064d6000000)]
  0x000002249f837d60 JavaThread "http-nio-8080-Acceptor" daemon [_thread_in_native, id=3540, stack(0x00000064d6000000,0x00000064d6100000)]

Other Threads:
  0x0000022497937430 VMThread "VM Thread" [stack: 0x00000064d3900000,0x00000064d3a00000] [id=9084] _threads_hazard_ptr=0x000002249ebe4870
  0x000002249c32eac0 WatcherThread [stack: 0x00000064d4900000,0x00000064d4a00000] [id=7388]
  0x0000022480080310 GCTaskThread "GC Thread#0" [stack: 0x00000064d3400000,0x00000064d3500000] [id=688]
  0x000002249c5eb420 GCTaskThread "GC Thread#1" [stack: 0x00000064d4a00000,0x00000064d4b00000] [id=3420]
  0x000002249c734d10 GCTaskThread "GC Thread#2" [stack: 0x00000064d4b00000,0x00000064d4c00000] [id=4144]
  0x000002249c735fe0 GCTaskThread "GC Thread#3" [stack: 0x00000064d4c00000,0x00000064d4d00000] [id=756]
  0x000002248008ce50 ConcurrentGCThread "G1 Main Marker" [stack: 0x00000064d3500000,0x00000064d3600000] [id=9652]
  0x000002248008d860 ConcurrentGCThread "G1 Conc#0" [stack: 0x00000064d3600000,0x00000064d3700000] [id=3736]
  0x00000224800de090 ConcurrentGCThread "G1 Refine#0" [stack: 0x00000064d3700000,0x00000064d3800000] [id=7084]
  0x000002249c5eb6d0 ConcurrentGCThread "G1 Refine#1" [stack: 0x00000064d4d00000,0x00000064d4e00000] [id=2928]
  0x00000224800dfac0 ConcurrentGCThread "G1 Service" [stack: 0x00000064d3800000,0x00000064d3900000] [id=5524]

Threads with active compile tasks:
C2 CompilerThread0  6639719 6947   !   4       org.springframework.util.ReflectionUtils::doWithMethods (186 bytes)

VM state: not at safepoint (normal execution)

VM Mutex/Monitor currently owned by a thread: None

Heap address: 0x00000000a2000000, size: 1504 MB, Compressed Oops mode: 32-bit

CDS archive(s) not mapped
Compressed class space mapped at: 0x0000000100000000-0x0000000140000000, reserved size: 1073741824
Narrow klass base: 0x0000000000000000, Narrow klass shift: 3, Narrow klass range: 0x140000000

GC Precious Log:
 CPUs: 4 total, 4 available
 Memory: 6011M
 Large Page Support: Disabled
 NUMA Support: Disabled
 Compressed Oops: Enabled (32-bit)
 Heap Region Size: 1M
 Heap Min Capacity: 8M
 Heap Initial Capacity: 94M
 Heap Max Capacity: 1504M
 Pre-touch: Disabled
 Parallel Workers: 4
 Concurrent Workers: 1
 Concurrent Refinement Workers: 4
 Periodic GC: Disabled

Heap:
 garbage-first heap   total 36864K, used 26647K [0x00000000a2000000, 0x0000000100000000)
  region size 1024K, 14 young (14336K), 2 survivors (2048K)
 Metaspace       used 43963K, committed 44800K, reserved 1114112K
  class space    used 5204K, committed 5504K, reserved 1048576K

Heap Regions: E=young(eden), S=young(survivor), O=old, HS=humongous(starts), HC=humongous(continues), CS=collection set, F=free, OA=open archive, CA=closed archive, TAMS=top-at-mark-start (previous, next)
|   0|0x00000000a2000000, 0x00000000a2100000, 0x00000000a2100000|100%| O|  |TAMS 0x00000000a2100000, 0x00000000a2000000| Untracked 
|   1|0x00000000a2100000, 0x00000000a21fffd8, 0x00000000a2200000| 99%| O|  |TAMS 0x00000000a2100000, 0x00000000a2100000| Untracked 
|   2|0x00000000a2200000, 0x00000000a22fffb8, 0x00000000a2300000| 99%| O|  |TAMS 0x00000000a2200000, 0x00000000a2200000| Untracked 
|   3|0x00000000a2300000, 0x00000000a23ffff8, 0x00000000a2400000| 99%| O|  |TAMS 0x00000000a23ffff8, 0x00000000a2300000| Untracked 
|   4|0x00000000a2400000, 0x00000000a24fd880, 0x00000000a2500000| 99%| O|  |TAMS 0x00000000a24fd880, 0x00000000a2400000| Untracked 
|   5|0x00000000a2500000, 0x00000000a25ffff0, 0x00000000a2600000| 99%| O|  |TAMS 0x00000000a2500000, 0x00000000a2500000| Untracked 
|   6|0x00000000a2600000, 0x00000000a26ffff0, 0x00000000a2700000| 99%| O|  |TAMS 0x00000000a2600000, 0x00000000a2600000| Untracked 
|   7|0x00000000a2700000, 0x00000000a2800000, 0x00000000a2800000|100%| O|  |TAMS 0x00000000a2700000, 0x00000000a2700000| Untracked 
|   8|0x00000000a2800000, 0x00000000a28ffff0, 0x00000000a2900000| 99%| O|  |TAMS 0x00000000a2800000, 0x00000000a2800000| Untracked 
|   9|0x00000000a2900000, 0x00000000a29ffff8, 0x00000000a2a00000| 99%| O|  |TAMS 0x00000000a2900000, 0x00000000a2900000| Untracked 
|  10|0x00000000a2a00000, 0x00000000a2b00000, 0x00000000a2b00000|100%| O|  |TAMS 0x00000000a2a00000, 0x00000000a2a00000| Untracked 
|  11|0x00000000a2b00000, 0x00000000a2bff368, 0x00000000a2c00000| 99%| O|  |TAMS 0x00000000a2b00000, 0x00000000a2b00000| Untracked 
|  12|0x00000000a2c00000, 0x00000000a2ca6d28, 0x00000000a2d00000| 65%| O|  |TAMS 0x00000000a2c00000, 0x00000000a2c00000| Untracked 
|  13|0x00000000a2d00000, 0x00000000a2daca00, 0x00000000a2e00000| 67%| O|  |TAMS 0x00000000a2d00000, 0x00000000a2d00000| Untracked 
|  14|0x00000000a2e00000, 0x00000000a2e00000, 0x00000000a2f00000|  0%| F|  |TAMS 0x00000000a2e00000, 0x00000000a2e00000| Untracked 
|  15|0x00000000a2f00000, 0x00000000a2f00000, 0x00000000a3000000|  0%| F|  |TAMS 0x00000000a2f00000, 0x00000000a2f00000| Untracked 
|  16|0x00000000a3000000, 0x00000000a3000000, 0x00000000a3100000|  0%| F|  |TAMS 0x00000000a3000000, 0x00000000a3000000| Untracked 
|  17|0x00000000a3100000, 0x00000000a3100000, 0x00000000a3200000|  0%| F|  |TAMS 0x00000000a3100000, 0x00000000a3100000| Untracked 
|  18|0x00000000a3200000, 0x00000000a3200000, 0x00000000a3300000|  0%| F|  |TAMS 0x00000000a3200000, 0x00000000a3200000| Untracked 
|  19|0x00000000a3300000, 0x00000000a33b5b88, 0x00000000a3400000| 70%| S|CS|TAMS 0x00000000a3300000, 0x00000000a3300000| Complete 
|  20|0x00000000a3400000, 0x00000000a3500000, 0x00000000a3500000|100%| S|CS|TAMS 0x00000000a3400000, 0x00000000a3400000| Complete 
|  21|0x00000000a3500000, 0x00000000a3500000, 0x00000000a3600000|  0%| F|  |TAMS 0x00000000a3500000, 0x00000000a3500000| Untracked 
|  22|0x00000000a3600000, 0x00000000a3600000, 0x00000000a3700000|  0%| F|  |TAMS 0x00000000a3600000, 0x00000000a3600000| Untracked 
|  23|0x00000000a3700000, 0x00000000a3700000, 0x00000000a3800000|  0%| F|  |TAMS 0x00000000a3700000, 0x00000000a3700000| Untracked 
|  24|0x00000000a3800000, 0x00000000a38ddda0, 0x00000000a3900000| 86%| E|  |TAMS 0x00000000a3800000, 0x00000000a3800000| Complete 
|  25|0x00000000a3900000, 0x00000000a3a00000, 0x00000000a3a00000|100%| E|CS|TAMS 0x00000000a3900000, 0x00000000a3900000| Complete 
|  26|0x00000000a3a00000, 0x00000000a3b00000, 0x00000000a3b00000|100%| E|CS|TAMS 0x00000000a3a00000, 0x00000000a3a00000| Complete 
|  27|0x00000000a3b00000, 0x00000000a3c00000, 0x00000000a3c00000|100%| E|CS|TAMS 0x00000000a3b00000, 0x00000000a3b00000| Complete 
|  28|0x00000000a3c00000, 0x00000000a3d00000, 0x00000000a3d00000|100%| E|CS|TAMS 0x00000000a3c00000, 0x00000000a3c00000| Complete 
|  29|0x00000000a3d00000, 0x00000000a3e00000, 0x00000000a3e00000|100%| E|CS|TAMS 0x00000000a3d00000, 0x00000000a3d00000| Complete 
|  30|0x00000000a3e00000, 0x00000000a3f00000, 0x00000000a3f00000|100%| E|CS|TAMS 0x00000000a3e00000, 0x00000000a3e00000| Complete 
|  31|0x00000000a3f00000, 0x00000000a4000000, 0x00000000a4000000|100%| E|CS|TAMS 0x00000000a3f00000, 0x00000000a3f00000| Complete 
|  69|0x00000000a6500000, 0x00000000a6600000, 0x00000000a6600000|100%| E|CS|TAMS 0x00000000a6500000, 0x00000000a6500000| Complete 
|  70|0x00000000a6600000, 0x00000000a6700000, 0x00000000a6700000|100%| E|CS|TAMS 0x00000000a6600000, 0x00000000a6600000| Complete 
|  71|0x00000000a6700000, 0x00000000a6800000, 0x00000000a6800000|100%| E|CS|TAMS 0x00000000a6700000, 0x00000000a6700000| Complete 
|  93|0x00000000a7d00000, 0x00000000a7e00000, 0x00000000a7e00000|100%| E|CS|TAMS 0x00000000a7d00000, 0x00000000a7d00000| Complete 

Card table byte_map: [0x0000022491fb0000,0x00000224922a0000] _byte_map_base: 0x0000022491aa0000

Marking Bits (Prev, Next): (CMBitMap*) 0x0000022480080960, (CMBitMap*) 0x0000022480080920
 Prev Bits: [0x0000022493d10000, 0x0000022495490000)
 Next Bits: [0x0000022492590000, 0x0000022493d10000)

Polling page: 0x00000224ff770000

Metaspace:

Usage:
  Non-class:     37.85 MB used.
      Class:      5.08 MB used.
       Both:     42.93 MB used.

Virtual space:
  Non-class space:       64.00 MB reserved,      38.38 MB ( 60%) committed,  1 nodes.
      Class space:        1.00 GB reserved,       5.38 MB ( <1%) committed,  1 nodes.
             Both:        1.06 GB reserved,      43.75 MB (  4%) committed. 

Chunk freelists:
   Non-Class:  9.83 MB
       Class:  10.81 MB
        Both:  20.64 MB

MaxMetaspaceSize: unlimited
CompressedClassSpaceSize: 1.00 GB
Initial GC threshold: 21.00 MB
Current GC threshold: 72.62 MB
CDS: off
MetaspaceReclaimPolicy: balanced
 - commit_granule_bytes: 65536.
 - commit_granule_words: 8192.
 - virtual_space_node_default_size: 8388608.
 - enlarge_chunks_in_place: 1.
 - new_chunks_are_fully_committed: 0.
 - uncommit_free_chunks: 1.
 - use_allocation_guard: 0.
 - handle_deallocations: 1.


Internal statistics:

num_allocs_failed_limit: 6.
num_arena_births: 734.
num_arena_deaths: 328.
num_vsnodes_births: 2.
num_vsnodes_deaths: 0.
num_space_committed: 700.
num_space_uncommitted: 0.
num_chunks_returned_to_freelist: 397.
num_chunks_taken_from_freelist: 2099.
num_chunk_merges: 135.
num_chunk_splits: 1371.
num_chunks_enlarged: 945.
num_inconsistent_stats: 0.

CodeHeap 'non-profiled nmethods': size=120000Kb used=5326Kb max_used=5326Kb free=114673Kb
 bounds [0x000002248a790000, 0x000002248acd0000, 0x0000022491cc0000]
CodeHeap 'profiled nmethods': size=120000Kb used=12618Kb max_used=12618Kb free=107381Kb
 bounds [0x0000022482cc0000, 0x0000022483920000, 0x000002248a1f0000]
CodeHeap 'non-nmethods': size=5760Kb used=1260Kb max_used=1347Kb free=4499Kb
 bounds [0x000002248a1f0000, 0x000002248a460000, 0x000002248a790000]
 total_blobs=6683 nmethods=6106 adapters=489
 compilation: enabled
              stopped_count=0, restarted_count=0
 full_count=0

Compilation events (20 events):
Event: 6639.296 Thread 0x0000022497989970 6954       4       org.springframework.core.annotation.TypeMappedAnnotations::get (8 bytes)
Event: 6639.313 Thread 0x0000022497989970 nmethod 6954 0x000002248acb1190 code [0x000002248acb1380, 0x000002248acb19a8]
Event: 6639.313 Thread 0x0000022497989970 6947   !   4       org.springframework.util.ReflectionUtils::doWithMethods (186 bytes)
Event: 6639.377 Thread 0x00000224979900c0 6958       3       java.util.ComparableTimSort::countRunAndMakeAscending (123 bytes)
Event: 6639.378 Thread 0x00000224979900c0 nmethod 6958 0x000002248390fd90 code [0x000002248390ffc0, 0x00000224839109f8]
Event: 6639.382 Thread 0x00000224979900c0 6959       3       java.lang.reflect.Method::acquireMethodAccessor (44 bytes)
Event: 6639.383 Thread 0x00000224979900c0 nmethod 6959 0x0000022483910d10 code [0x0000022483910f00, 0x00000224839113f8]
Event: 6639.383 Thread 0x00000224979900c0 6960   !   2       org.springframework.util.ReflectionUtils::doWithLocalFields (63 bytes)
Event: 6639.383 Thread 0x00000224979900c0 nmethod 6960 0x0000022483911590 code [0x0000022483911760, 0x0000022483911a38]
Event: 6639.385 Thread 0x00000224979900c0 6961       3       org.springframework.boot.context.properties.bind.Binder$Context::<init> (50 bytes)
Event: 6639.385 Thread 0x00000224979900c0 nmethod 6961 0x0000022483911c90 code [0x0000022483911ee0, 0x0000022483912b98]
Event: 6639.510 Thread 0x000002249c0338d0 nmethod 6891 0x000002248acb1f10 code [0x000002248acb26e0, 0x000002248acbad18]
Event: 6639.511 Thread 0x000002249c0338d0 6962       4       org.springframework.core.annotation.TypeMappedAnnotations::<init> (42 bytes)
Event: 6639.520 Thread 0x000002249c0338d0 nmethod 6962 0x000002248acbf390 code [0x000002248acbf500, 0x000002248acbfb18]
Event: 6639.520 Thread 0x000002249c0338d0 6957       4       java.lang.PublicMethods$Key::hashCode (19 bytes)
Event: 6639.524 Thread 0x000002249c0338d0 nmethod 6957 0x000002248acbfb90 code [0x000002248acbfd20, 0x000002248acbff18]
Event: 6639.524 Thread 0x000002249c0338d0 6945       4       sun.reflect.generics.tree.ClassTypeSignature::accept (8 bytes)
Event: 6639.526 Thread 0x000002249c0338d0 nmethod 6945 0x000002248acc0110 code [0x000002248acc02a0, 0x000002248acc0368]
Event: 6639.526 Thread 0x000002249c0338d0 6955       4       org.springframework.context.support.ApplicationListenerDetector::postProcessBeforeInitialization (2 bytes)
Event: 6639.526 Thread 0x000002249c0338d0 nmethod 6955 0x000002248acc0490 code [0x000002248acc0600, 0x000002248acc0678]

GC Heap History (20 events):
Event: 922.823 GC heap before
{Heap before GC invocations=33 (full 7):
 garbage-first heap   total 36864K, used 27356K [0x00000000a2000000, 0x0000000100000000)
  region size 1024K, 11 young (11264K), 0 survivors (0K)
 Metaspace       used 44092K, committed 44608K, reserved 1114112K
  class space    used 5280K, committed 5504K, reserved 1048576K
}
Event: 922.826 GC heap after
{Heap after GC invocations=34 (full 7):
 garbage-first heap   total 36864K, used 17749K [0x00000000a2000000, 0x0000000100000000)
  region size 1024K, 2 young (2048K), 2 survivors (2048K)
 Metaspace       used 44092K, committed 44608K, reserved 1114112K
  class space    used 5280K, committed 5504K, reserved 1048576K
}
Event: 923.722 GC heap before
{Heap before GC invocations=35 (full 7):
 garbage-first heap   total 36864K, used 26965K [0x00000000a2000000, 0x0000000100000000)
  region size 1024K, 11 young (11264K), 2 survivors (2048K)
 Metaspace       used 44160K, committed 44672K, reserved 1114112K
  class space    used 5286K, committed 5504K, reserved 1048576K
}
Event: 923.725 GC heap after
{Heap after GC invocations=36 (full 7):
 garbage-first heap   total 36864K, used 18134K [0x00000000a2000000, 0x0000000100000000)
  region size 1024K, 1 young (1024K), 1 survivors (1024K)
 Metaspace       used 44160K, committed 44672K, reserved 1114112K
  class space    used 5286K, committed 5504K, reserved 1048576K
}
Event: 1386.688 GC heap before
{Heap before GC invocations=36 (full 7):
 garbage-first heap   total 36864K, used 26326K [0x00000000a2000000, 0x0000000100000000)
  region size 1024K, 10 young (10240K), 1 survivors (1024K)
 Metaspace       used 44188K, committed 44672K, reserved 1114112K
  class space    used 5287K, committed 5504K, reserved 1048576K
}
Event: 1386.691 GC heap after
{Heap after GC invocations=37 (full 7):
 garbage-first heap   total 36864K, used 19708K [0x00000000a2000000, 0x0000000100000000)
  region size 1024K, 2 young (2048K), 2 survivors (2048K)
 Metaspace       used 44188K, committed 44672K, reserved 1114112K
  class space    used 5287K, committed 5504K, reserved 1048576K
}
Event: 2249.797 GC heap before
{Heap before GC invocations=38 (full 7):
 garbage-first heap   total 36864K, used 26502K [0x00000000a2000000, 0x0000000100000000)
  region size 1024K, 9 young (9216K), 2 survivors (2048K)
 Metaspace       used 44245K, committed 44736K, reserved 1114112K
  class space    used 5286K, committed 5504K, reserved 1048576K
}
Event: 2249.800 GC heap after
{Heap after GC invocations=39 (full 7):
 garbage-first heap   total 36864K, used 19404K [0x00000000a2000000, 0x0000000100000000)
  region size 1024K, 1 young (1024K), 1 survivors (1024K)
 Metaspace       used 44245K, committed 44736K, reserved 1114112K
  class space    used 5286K, committed 5504K, reserved 1048576K
}
Event: 2388.806 GC heap before
{Heap before GC invocations=39 (full 7):
 garbage-first heap   total 36864K, used 20428K [0x00000000a2000000, 0x0000000100000000)
  region size 1024K, 2 young (2048K), 1 survivors (1024K)
 Metaspace       used 44245K, committed 44736K, reserved 1114112K
  class space    used 5286K, committed 5504K, reserved 1048576K
}
Event: 2388.807 GC heap after
{Heap after GC invocations=40 (full 7):
 garbage-first heap   total 36864K, used 17870K [0x00000000a2000000, 0x0000000100000000)
  region size 1024K, 1 young (1024K), 1 survivors (1024K)
 Metaspace       used 44245K, committed 44736K, reserved 1114112K
  class space    used 5286K, committed 5504K, reserved 1048576K
}
Event: 3697.505 GC heap before
{Heap before GC invocations=40 (full 7):
 garbage-first heap   total 36864K, used 27086K [0x00000000a2000000, 0x0000000100000000)
  region size 1024K, 10 young (10240K), 1 survivors (1024K)
 Metaspace       used 44271K, committed 44736K, reserved 1114112K
  class space    used 5286K, committed 5504K, reserved 1048576K
}
Event: 3697.506 GC heap after
{Heap after GC invocations=41 (full 7):
 garbage-first heap   total 36864K, used 17811K [0x00000000a2000000, 0x0000000100000000)
  region size 1024K, 1 young (1024K), 1 survivors (1024K)
 Metaspace       used 44271K, committed 44736K, reserved 1114112K
  class space    used 5286K, committed 5504K, reserved 1048576K
}
Event: 5184.960 GC heap before
{Heap before GC invocations=42 (full 7):
 garbage-first heap   total 36864K, used 28051K [0x00000000a2000000, 0x0000000100000000)
  region size 1024K, 11 young (11264K), 1 survivors (1024K)
 Metaspace       used 43877K, committed 44736K, reserved 1114112K
  class space    used 5199K, committed 5504K, reserved 1048576K
}
Event: 5184.961 GC heap after
{Heap after GC invocations=43 (full 7):
 garbage-first heap   total 36864K, used 17801K [0x00000000a2000000, 0x0000000100000000)
  region size 1024K, 1 young (1024K), 1 survivors (1024K)
 Metaspace       used 43877K, committed 44736K, reserved 1114112K
  class space    used 5199K, committed 5504K, reserved 1048576K
}
Event: 5327.182 GC heap before
{Heap before GC invocations=43 (full 7):
 garbage-first heap   total 36864K, used 18825K [0x00000000a2000000, 0x0000000100000000)
  region size 1024K, 2 young (2048K), 1 survivors (1024K)
 Metaspace       used 43877K, committed 44736K, reserved 1114112K
  class space    used 5199K, committed 5504K, reserved 1048576K
}
Event: 5327.189 GC heap after
{Heap after GC invocations=44 (full 7):
 garbage-first heap   total 36864K, used 16159K [0x00000000a2000000, 0x0000000100000000)
  region size 1024K, 1 young (1024K), 1 survivors (1024K)
 Metaspace       used 43877K, committed 44736K, reserved 1114112K
  class space    used 5199K, committed 5504K, reserved 1048576K
}
Event: 6636.229 GC heap before
{Heap before GC invocations=44 (full 7):
 garbage-first heap   total 36864K, used 25375K [0x00000000a2000000, 0x0000000100000000)
  region size 1024K, 11 young (11264K), 1 survivors (1024K)
 Metaspace       used 43884K, committed 44736K, reserved 1114112K
  class space    used 5200K, committed 5504K, reserved 1048576K
}
Event: 6636.343 GC heap after
{Heap after GC invocations=45 (full 8):
 garbage-first heap   total 36864K, used 13632K [0x00000000a2000000, 0x0000000100000000)
  region size 1024K, 0 young (0K), 0 survivors (0K)
 Metaspace       used 43881K, committed 44736K, reserved 1114112K
  class space    used 5199K, committed 5504K, reserved 1048576K
}
Event: 6638.492 GC heap before
{Heap before GC invocations=45 (full 8):
 garbage-first heap   total 36864K, used 28992K [0x00000000a2000000, 0x0000000100000000)
  region size 1024K, 15 young (15360K), 0 survivors (0K)
 Metaspace       used 43949K, committed 44800K, reserved 1114112K
  class space    used 5204K, committed 5504K, reserved 1048576K
}
Event: 6638.498 GC heap after
{Heap after GC invocations=46 (full 8):
 garbage-first heap   total 36864K, used 15383K [0x00000000a2000000, 0x0000000100000000)
  region size 1024K, 2 young (2048K), 2 survivors (2048K)
 Metaspace       used 43949K, committed 44800K, reserved 1114112K
  class space    used 5204K, committed 5504K, reserved 1048576K
}

Dll operation events (8 events):
Event: 0.012 Loaded shared library C:\Users\Nam\.vscode\extensions\redhat.java-1.21.0-win32-x64\jre\17.0.7-win32-x86_64\bin\java.dll
Event: 0.242 Loaded shared library C:\Users\Nam\.vscode\extensions\redhat.java-1.21.0-win32-x64\jre\17.0.7-win32-x86_64\bin\jimage.dll
Event: 0.257 Loaded shared library C:\Users\Nam\.vscode\extensions\redhat.java-1.21.0-win32-x64\jre\17.0.7-win32-x86_64\bin\net.dll
Event: 0.259 Loaded shared library C:\Users\Nam\.vscode\extensions\redhat.java-1.21.0-win32-x64\jre\17.0.7-win32-x86_64\bin\nio.dll
Event: 0.263 Loaded shared library C:\Users\Nam\.vscode\extensions\redhat.java-1.21.0-win32-x64\jre\17.0.7-win32-x86_64\bin\zip.dll
Event: 0.324 Loaded shared library C:\Users\Nam\.vscode\extensions\redhat.java-1.21.0-win32-x64\jre\17.0.7-win32-x86_64\bin\management.dll
Event: 0.339 Loaded shared library C:\Users\Nam\.vscode\extensions\redhat.java-1.21.0-win32-x64\jre\17.0.7-win32-x86_64\bin\management_ext.dll
Event: 4.791 Loaded shared library C:\Users\Nam\.vscode\extensions\redhat.java-1.21.0-win32-x64\jre\17.0.7-win32-x86_64\bin\sunmscapi.dll

Deoptimization events (20 events):
Event: 6638.223 Thread 0x000002249f83b720 Uncommon trap: trap_request=0xfffffff4 fr.pc=0x000002248a9e01f4 relative=0x0000000000003e14
Event: 6638.223 Thread 0x000002249f83b720 Uncommon trap: reason=null_check action=make_not_entrant pc=0x000002248a9e01f4 method=java.lang.Class.reflectionData()Ljava/lang/Class$ReflectionData; @ 18 c2
Event: 6638.223 Thread 0x000002249f83b720 DEOPT PACKING pc=0x000002248a9e01f4 sp=0x00000064d32fd130
Event: 6638.223 Thread 0x000002249f83b720 DEOPT UNPACKING pc=0x000002248a2469a3 sp=0x00000064d32fcff8 mode 2
Event: 6639.365 Thread 0x000002249f83b720 Uncommon trap: trap_request=0xffffffbe fr.pc=0x000002248acafe44 relative=0x0000000000000c24
Event: 6639.366 Thread 0x000002249f83b720 Uncommon trap: reason=profile_predicate action=maybe_recompile pc=0x000002248acafe44 method=org.springframework.util.ReflectionUtils.doWithLocalFields(Ljava/lang/Class;Lorg/springframework/util/ReflectionUtils$FieldCallback;)V @ 14 c2
Event: 6639.366 Thread 0x000002249f83b720 DEOPT PACKING pc=0x000002248acafe44 sp=0x00000064d32fa6e0
Event: 6639.366 Thread 0x000002249f83b720 DEOPT UNPACKING pc=0x000002248a2469a3 sp=0x00000064d32fa6b0 mode 2
Event: 6639.366 Thread 0x000002249f83b720 Uncommon trap: trap_request=0xffffffbe fr.pc=0x000002248acafe44 relative=0x0000000000000c24
Event: 6639.366 Thread 0x000002249f83b720 Uncommon trap: reason=profile_predicate action=maybe_recompile pc=0x000002248acafe44 method=org.springframework.util.ReflectionUtils.doWithLocalFields(Ljava/lang/Class;Lorg/springframework/util/ReflectionUtils$FieldCallback;)V @ 14 c2
Event: 6639.366 Thread 0x000002249f83b720 DEOPT PACKING pc=0x000002248acafe44 sp=0x00000064d32fa6e0
Event: 6639.366 Thread 0x000002249f83b720 DEOPT UNPACKING pc=0x000002248a2469a3 sp=0x00000064d32fa6b0 mode 2
Event: 6639.366 Thread 0x000002249f83b720 Uncommon trap: trap_request=0xffffffbe fr.pc=0x000002248acafe44 relative=0x0000000000000c24
Event: 6639.366 Thread 0x000002249f83b720 Uncommon trap: reason=profile_predicate action=maybe_recompile pc=0x000002248acafe44 method=org.springframework.util.ReflectionUtils.doWithLocalFields(Ljava/lang/Class;Lorg/springframework/util/ReflectionUtils$FieldCallback;)V @ 14 c2
Event: 6639.366 Thread 0x000002249f83b720 DEOPT PACKING pc=0x000002248acafe44 sp=0x00000064d32fa6e0
Event: 6639.366 Thread 0x000002249f83b720 DEOPT UNPACKING pc=0x000002248a2469a3 sp=0x00000064d32fa6b0 mode 2
Event: 6639.368 Thread 0x000002249f83b720 Uncommon trap: trap_request=0xffffffbe fr.pc=0x000002248acafe44 relative=0x0000000000000c24
Event: 6639.368 Thread 0x000002249f83b720 Uncommon trap: reason=profile_predicate action=maybe_recompile pc=0x000002248acafe44 method=org.springframework.util.ReflectionUtils.doWithLocalFields(Ljava/lang/Class;Lorg/springframework/util/ReflectionUtils$FieldCallback;)V @ 14 c2
Event: 6639.368 Thread 0x000002249f83b720 DEOPT PACKING pc=0x000002248acafe44 sp=0x00000064d32fc2c0
Event: 6639.368 Thread 0x000002249f83b720 DEOPT UNPACKING pc=0x000002248a2469a3 sp=0x00000064d32fc290 mode 2

Classes unloaded (20 events):
Event: 3697.538 Thread 0x0000022497937430 Unloading class 0x0000000100141800 'jdk/internal/reflect/GeneratedSerializationConstructorAccessor3'
Event: 3697.538 Thread 0x0000022497937430 Unloading class 0x0000000100141400 'jdk/internal/reflect/GeneratedSerializationConstructorAccessor2'
Event: 3697.538 Thread 0x0000022497937430 Unloading class 0x0000000100141000 'jdk/internal/reflect/GeneratedSerializationConstructorAccessor1'
Event: 3697.538 Thread 0x0000022497937430 Unloading class 0x0000000100140800 'java/lang/invoke/LambdaForm$DMH+0x0000000100140800'
Event: 3697.538 Thread 0x0000022497937430 Unloading class 0x0000000100140000 'java/lang/invoke/LambdaForm$DMH+0x0000000100140000'
Event: 3697.538 Thread 0x0000022497937430 Unloading class 0x00000001000c6c00 'jdk/internal/reflect/GeneratedConstructorAccessor1'
Event: 3697.538 Thread 0x0000022497937430 Unloading class 0x00000001000c6000 'java/lang/invoke/LambdaForm$MH+0x00000001000c6000'
Event: 3697.538 Thread 0x0000022497937430 Unloading class 0x00000001000c5c00 'java/lang/invoke/LambdaForm$MH+0x00000001000c5c00'
Event: 3697.538 Thread 0x0000022497937430 Unloading class 0x00000001000c5800 'java/lang/invoke/LambdaForm$MH+0x00000001000c5800'
Event: 3697.538 Thread 0x0000022497937430 Unloading class 0x00000001000c5400 'java/lang/invoke/LambdaForm$MH+0x00000001000c5400'
Event: 3697.538 Thread 0x0000022497937430 Unloading class 0x00000001000c5000 'java/lang/invoke/LambdaForm$MH+0x00000001000c5000'
Event: 3697.538 Thread 0x0000022497937430 Unloading class 0x00000001000c4c00 'java/lang/invoke/LambdaForm$MH+0x00000001000c4c00'
Event: 3697.538 Thread 0x0000022497937430 Unloading class 0x00000001000c3c00 'java/lang/invoke/LambdaForm$MH+0x00000001000c3c00'
Event: 3697.539 Thread 0x0000022497937430 Unloading class 0x00000001000c3800 'java/lang/invoke/LambdaForm$MH+0x00000001000c3800'
Event: 3697.539 Thread 0x0000022497937430 Unloading class 0x00000001000c3000 'java/lang/invoke/LambdaForm$MH+0x00000001000c3000'
Event: 3697.539 Thread 0x0000022497937430 Unloading class 0x00000001000c2400 'java/lang/invoke/LambdaForm$MH+0x00000001000c2400'
Event: 3697.539 Thread 0x0000022497937430 Unloading class 0x00000001000c1c00 'java/lang/invoke/LambdaForm$MH+0x00000001000c1c00'
Event: 3697.539 Thread 0x0000022497937430 Unloading class 0x00000001000c1400 'java/lang/invoke/LambdaForm$MH+0x00000001000c1400'
Event: 3697.539 Thread 0x0000022497937430 Unloading class 0x00000001000c0c00 'java/lang/invoke/LambdaForm$MH+0x00000001000c0c00'
Event: 6636.254 Thread 0x0000022497937430 Unloading class 0x0000000100558800 'jdk/internal/reflect/GeneratedMethodAccessor12'

Classes redefined (0 events):
No events

Internal exceptions (20 events):
Event: 6635.855 Thread 0x000002249f838230 Implicit null exception at 0x000002248a92bf6f to 0x000002248a92c2d4
Event: 6635.861 Thread 0x000002249f838230 Implicit null exception at 0x000002248aa07485 to 0x000002248aa087e0
Event: 6635.862 Thread 0x000002249f838230 Implicit null exception at 0x000002248a9f5cb0 to 0x000002248a9fb490
Event: 6636.222 Thread 0x000002249f837d60 Exception <a 'java/lang/InterruptedException'{0x00000000a3974bf8}: sleep interrupted> (0x00000000a3974bf8) 
thrown [s\src\hotspot\share\prims\jvm.cpp, line 3070]
Event: 6636.576 Thread 0x000002249f83b720 Implicit null exception at 0x000002248a9e6fd5 to 0x000002248a9eb864
Event: 6636.585 Thread 0x000002249f83b720 Implicit null exception at 0x000002248aa9d4b8 to 0x000002248aa9db20
Event: 6636.590 Thread 0x000002249f83b720 Implicit null exception at 0x000002248aaaca18 to 0x000002248aaae978
Event: 6636.593 Thread 0x000002249f83b720 Exception <a 'sun/nio/fs/WindowsException'{0x00000000a7d91590}> (0x00000000a7d91590) 
thrown [s\src\hotspot\share\prims\jni.cpp, line 516]
Event: 6636.662 Thread 0x000002249f83b720 Implicit null exception at 0x000002248ab1f591 to 0x000002248ab1fad8
Event: 6637.376 Thread 0x000002249f83b720 Implicit null exception at 0x000002248aa96227 to 0x000002248aa99cd8
Event: 6637.385 Thread 0x000002249f83b720 Implicit null exception at 0x000002248aa09b26 to 0x000002248aa0b128
Event: 6637.385 Thread 0x000002249f83b720 Implicit null exception at 0x000002248ab209dd to 0x000002248ab216d4
Event: 6638.223 Thread 0x000002249f83b720 Implicit null exception at 0x000002248a9dc980 to 0x000002248a9e01d0
Event: 6638.484 Thread 0x000002249f83b720 Exception <a 'java/lang/NoClassDefFoundError'{0x00000000a35c6148}: org/flywaydb/core/Flyway> (0x00000000a35c6148) 
thrown [s\src\hotspot\share\oops\constantPool.cpp, line 835]
Event: 6638.484 Thread 0x000002249f83b720 Exception <a 'java/lang/NoClassDefFoundError'{0x00000000a35c6798}: liquibase/integration/spring/SpringLiquibase> (0x00000000a35c6798) 
thrown [s\src\hotspot\share\oops\constantPool.cpp, line 835]
Event: 6638.705 Thread 0x000002249f83b720 Exception <a 'sun/nio/fs/WindowsException'{0x00000000a65b63c0}> (0x00000000a65b63c0) 
thrown [s\src\hotspot\share\prims\jni.cpp, line 516]
Event: 6638.706 Thread 0x000002249f83b720 Exception <a 'sun/nio/fs/WindowsException'{0x00000000a65b69b0}> (0x00000000a65b69b0) 
thrown [s\src\hotspot\share\prims\jni.cpp, line 516]
Event: 6638.706 Thread 0x000002249f83b720 Exception <a 'sun/nio/fs/WindowsException'{0x00000000a65b7078}> (0x00000000a65b7078) 
thrown [s\src\hotspot\share\prims\jni.cpp, line 516]
Event: 6638.916 Thread 0x000002249f83b720 Exception <a 'java/io/FileNotFoundException'{0x00000000a65dcc10}> (0x00000000a65dcc10) 
thrown [s\src\hotspot\share\prims\jni.cpp, line 516]
Event: 6639.001 Thread 0x000002249f83b720 Exception <a 'java/io/FileNotFoundException'{0x00000000a3f9ba48}> (0x00000000a3f9ba48) 
thrown [s\src\hotspot\share\prims\jni.cpp, line 516]

VM Operations (20 events):
Event: 3697.551 Executing VM operation: G1Concurrent done
Event: 3697.564 Executing VM operation: G1Concurrent
Event: 3697.565 Executing VM operation: G1Concurrent done
Event: 4318.760 Executing VM operation: Cleanup
Event: 4318.760 Executing VM operation: Cleanup done
Event: 4343.992 Executing VM operation: Cleanup
Event: 4343.992 Executing VM operation: Cleanup done
Event: 5184.959 Executing VM operation: G1CollectForAllocation
Event: 5184.961 Executing VM operation: G1CollectForAllocation done
Event: 5327.182 Executing VM operation: G1CollectForAllocation
Event: 5327.190 Executing VM operation: G1CollectForAllocation done
Event: 6636.229 Executing VM operation: G1CollectFull
Event: 6636.343 Executing VM operation: G1CollectFull done
Event: 6637.353 Executing VM operation: Cleanup
Event: 6637.369 Executing VM operation: Cleanup done
Event: 6638.376 Executing VM operation: Cleanup
Event: 6638.376 Executing VM operation: Cleanup done
Event: 6638.492 Executing VM operation: G1CollectForAllocation
Event: 6638.498 Executing VM operation: G1CollectForAllocation done
Event: 6639.237 Executing VM operation: HandshakeAllThreads

Events (20 events):
Event: 6637.453 Thread 0x000002249f835210 Thread exited: 0x000002249f835210
Event: 6638.724 Thread 0x000002249c0338d0 Thread added: 0x000002249c0338d0
Event: 6639.002 Thread 0x000002249f835bb0 Thread added: 0x000002249f835bb0
Event: 6639.002 Thread 0x000002249f83bbf0 Thread added: 0x000002249f83bbf0
Event: 6639.002 Thread 0x000002249f83c0c0 Thread added: 0x000002249f83c0c0
Event: 6639.057 loading class java/time/DurationEditor
Event: 6639.057 loading class java/time/DurationEditor done
Event: 6639.395 Thread 0x000002249f83a8b0 Thread added: 0x000002249f83a8b0
Event: 6639.489 Thread 0x000002249f837890 Thread added: 0x000002249f837890
Event: 6639.489 Thread 0x000002249f834d40 Thread added: 0x000002249f834d40
Event: 6639.489 Thread 0x000002249f835210 Thread added: 0x000002249f835210
Event: 6639.490 Thread 0x000002249f838700 Thread added: 0x000002249f838700
Event: 6639.490 Thread 0x000002249f8356e0 Thread added: 0x000002249f8356e0
Event: 6639.490 Thread 0x000002249f836080 Thread added: 0x000002249f836080
Event: 6639.490 Thread 0x000002249f836550 Thread added: 0x000002249f836550
Event: 6639.490 Thread 0x000002249f839a40 Thread added: 0x000002249f839a40
Event: 6639.491 Thread 0x000002249f83ad80 Thread added: 0x000002249f83ad80
Event: 6639.491 Thread 0x000002249f836a20 Thread added: 0x000002249f836a20
Event: 6639.495 Thread 0x000002249f838bd0 Thread added: 0x000002249f838bd0
Event: 6639.495 Thread 0x000002249f837d60 Thread added: 0x000002249f837d60


Dynamic libraries:
0x00007ff6be430000 - 0x00007ff6be43e000 	C:\Users\Nam\.vscode\extensions\redhat.java-1.21.0-win32-x64\jre\17.0.7-win32-x86_64\bin\java.exe
0x00007ff8b08b0000 - 0x00007ff8b0aa8000 	C:\Windows\SYSTEM32\ntdll.dll
0x00007ff8af940000 - 0x00007ff8af9ff000 	C:\Windows\System32\KERNEL32.DLL
0x00007ff8adfe0000 - 0x00007ff8ae2d6000 	C:\Windows\System32\KERNELBASE.dll
0x00007ff8ae4d0000 - 0x00007ff8ae5d0000 	C:\Windows\System32\ucrtbase.dll
0x00007ff8a5670000 - 0x00007ff8a5689000 	C:\Users\Nam\.vscode\extensions\redhat.java-1.21.0-win32-x64\jre\17.0.7-win32-x86_64\bin\VCRUNTIME140.dll
0x00007ff8ab790000 - 0x00007ff8ab7a7000 	C:\Users\Nam\.vscode\extensions\redhat.java-1.21.0-win32-x64\jre\17.0.7-win32-x86_64\bin\jli.dll
0x00007ff8b06d0000 - 0x00007ff8b086d000 	C:\Windows\System32\USER32.dll
0x00007ff8ae4a0000 - 0x00007ff8ae4c2000 	C:\Windows\System32\win32u.dll
0x00007ff8ae910000 - 0x00007ff8ae93c000 	C:\Windows\System32\GDI32.dll
0x00007ff89e000000 - 0x00007ff89e29a000 	C:\Windows\WinSxS\amd64_microsoft.windows.common-controls_6595b64144ccf1df_6.0.19041.1110_none_60b5254171f9507e\COMCTL32.dll
0x00007ff8ae2e0000 - 0x00007ff8ae3f5000 	C:\Windows\System32\gdi32full.dll
0x00007ff8aeea0000 - 0x00007ff8aef3e000 	C:\Windows\System32\msvcrt.dll
0x00007ff8ae5d0000 - 0x00007ff8ae66d000 	C:\Windows\System32\msvcp_win.dll
0x00007ff8af1c0000 - 0x00007ff8af1f0000 	C:\Windows\System32\IMM32.DLL
0x00007ff8a7bf0000 - 0x00007ff8a7bfc000 	C:\Users\Nam\.vscode\extensions\redhat.java-1.21.0-win32-x64\jre\17.0.7-win32-x86_64\bin\vcruntime140_1.dll
0x00007ff88d710000 - 0x00007ff88d7a1000 	C:\Users\Nam\.vscode\extensions\redhat.java-1.21.0-win32-x64\jre\17.0.7-win32-x86_64\bin\msvcp140.dll
0x00007ff885750000 - 0x00007ff886398000 	C:\Users\Nam\.vscode\extensions\redhat.java-1.21.0-win32-x64\jre\17.0.7-win32-x86_64\bin\server\jvm.dll
0x00007ff8b0570000 - 0x00007ff8b061f000 	C:\Windows\System32\ADVAPI32.dll
0x00007ff8b0080000 - 0x00007ff8b011c000 	C:\Windows\System32\sechost.dll
0x00007ff8aefc0000 - 0x00007ff8af0e6000 	C:\Windows\System32\RPCRT4.dll
0x00007ff8a3470000 - 0x00007ff8a3479000 	C:\Windows\SYSTEM32\WSOCK32.dll
0x00007ff8af0f0000 - 0x00007ff8af15b000 	C:\Windows\System32\WS2_32.dll
0x00007ff8a0050000 - 0x00007ff8a0077000 	C:\Windows\SYSTEM32\WINMM.dll
0x00007ff8a0660000 - 0x00007ff8a066a000 	C:\Windows\SYSTEM32\VERSION.dll
0x00007ff8abe40000 - 0x00007ff8abe52000 	C:\Windows\SYSTEM32\kernel.appcore.dll
0x00007ff8a1b90000 - 0x00007ff8a1b9a000 	C:\Users\Nam\.vscode\extensions\redhat.java-1.21.0-win32-x64\jre\17.0.7-win32-x86_64\bin\jimage.dll
0x00007ff89e860000 - 0x00007ff89ea44000 	C:\Windows\SYSTEM32\DBGHELP.DLL
0x00007ff89e770000 - 0x00007ff89e7a4000 	C:\Windows\SYSTEM32\dbgcore.DLL
0x00007ff8ae880000 - 0x00007ff8ae902000 	C:\Windows\System32\bcryptPrimitives.dll
0x00007ff89b310000 - 0x00007ff89b335000 	C:\Users\Nam\.vscode\extensions\redhat.java-1.21.0-win32-x64\jre\17.0.7-win32-x86_64\bin\java.dll
0x00007ff8a12a0000 - 0x00007ff8a12b8000 	C:\Users\Nam\.vscode\extensions\redhat.java-1.21.0-win32-x64\jre\17.0.7-win32-x86_64\bin\zip.dll
0x00007ff8af1f0000 - 0x00007ff8af934000 	C:\Windows\System32\SHELL32.dll
0x00007ff8ac040000 - 0x00007ff8ac7d3000 	C:\Windows\SYSTEM32\windows.storage.dll
0x00007ff8aeb40000 - 0x00007ff8aee94000 	C:\Windows\System32\combase.dll
0x00007ff8ad900000 - 0x00007ff8ad92e000 	C:\Windows\SYSTEM32\Wldp.dll
0x00007ff8b0620000 - 0x00007ff8b06cd000 	C:\Windows\System32\SHCORE.dll
0x00007ff8b0230000 - 0x00007ff8b0285000 	C:\Windows\System32\shlwapi.dll
0x00007ff8aded0000 - 0x00007ff8adeef000 	C:\Windows\SYSTEM32\profapi.dll
0x00007ff89ff90000 - 0x00007ff89ffa9000 	C:\Users\Nam\.vscode\extensions\redhat.java-1.21.0-win32-x64\jre\17.0.7-win32-x86_64\bin\net.dll
0x00007ff8a7c30000 - 0x00007ff8a7d3a000 	C:\Windows\SYSTEM32\WINHTTP.dll
0x00007ff8ad660000 - 0x00007ff8ad6ca000 	C:\Windows\system32\mswsock.dll
0x00007ff8a11f0000 - 0x00007ff8a1205000 	C:\Users\Nam\.vscode\extensions\redhat.java-1.21.0-win32-x64\jre\17.0.7-win32-x86_64\bin\nio.dll
0x00007ff8a8210000 - 0x00007ff8a8219000 	C:\Users\Nam\.vscode\extensions\redhat.java-1.21.0-win32-x64\jre\17.0.7-win32-x86_64\bin\management.dll
0x00007ff8a8200000 - 0x00007ff8a820b000 	C:\Users\Nam\.vscode\extensions\redhat.java-1.21.0-win32-x64\jre\17.0.7-win32-x86_64\bin\management_ext.dll
0x00007ff8b0070000 - 0x00007ff8b0078000 	C:\Windows\System32\PSAPI.DLL
0x00007ff8a8180000 - 0x00007ff8a8197000 	C:\Windows\system32\napinsp.dll
0x00007ff8a7000000 - 0x00007ff8a701b000 	C:\Windows\system32\pnrpnsp.dll
0x00007ff897b70000 - 0x00007ff897b85000 	C:\Windows\system32\wshbth.dll
0x00007ff8a9a80000 - 0x00007ff8a9a9d000 	C:\Windows\system32\NLAapi.dll
0x00007ff8ad350000 - 0x00007ff8ad38c000 	C:\Windows\SYSTEM32\IPHLPAPI.DLL
0x00007ff8ad390000 - 0x00007ff8ad45a000 	C:\Windows\SYSTEM32\DNSAPI.dll
0x00007ff8ae940000 - 0x00007ff8ae948000 	C:\Windows\System32\NSI.dll
0x00007ff8a5950000 - 0x00007ff8a5962000 	C:\Windows\System32\winrnr.dll
0x00007ff8a7280000 - 0x00007ff8a728a000 	C:\Windows\System32\rasadhlp.dll
0x00007ff8a6ac0000 - 0x00007ff8a6b42000 	C:\Windows\System32\fwpuclnt.dll
0x00007ff8ae400000 - 0x00007ff8ae427000 	C:\Windows\System32\bcrypt.dll
0x00007ff8ad860000 - 0x00007ff8ad878000 	C:\Windows\SYSTEM32\CRYPTSP.dll
0x00007ff8acf80000 - 0x00007ff8acfb4000 	C:\Windows\system32\rsaenh.dll
0x00007ff8ade50000 - 0x00007ff8ade7e000 	C:\Windows\SYSTEM32\USERENV.dll
0x00007ff8ad850000 - 0x00007ff8ad85c000 	C:\Windows\SYSTEM32\CRYPTBASE.dll
0x00007ff8a7f30000 - 0x00007ff8a7f47000 	C:\Windows\SYSTEM32\dhcpcsvc6.DLL
0x00007ff8a8660000 - 0x00007ff8a867d000 	C:\Windows\SYSTEM32\dhcpcsvc.DLL
0x00007ff8a1140000 - 0x00007ff8a114e000 	C:\Users\Nam\.vscode\extensions\redhat.java-1.21.0-win32-x64\jre\17.0.7-win32-x86_64\bin\sunmscapi.dll
0x00007ff8ae670000 - 0x00007ff8ae7ce000 	C:\Windows\System32\CRYPT32.dll
0x00007ff8ad970000 - 0x00007ff8ad998000 	C:\Windows\SYSTEM32\ncrypt.dll
0x00007ff8ad930000 - 0x00007ff8ad96b000 	C:\Windows\SYSTEM32\NTASN1.dll
0x00007ff8ab7d0000 - 0x00007ff8ab7d7000 	C:\Windows\system32\wshunix.dll

dbghelp: loaded successfully - version: 4.0.5 - missing functions: none
symbol engine: initialized successfully - sym options: 0x614 - pdb path: .;C:\Users\Nam\.vscode\extensions\redhat.java-1.21.0-win32-x64\jre\17.0.7-win32-x86_64\bin;C:\Windows\SYSTEM32;C:\Windows\WinSxS\amd64_microsoft.windows.common-controls_6595b64144ccf1df_6.0.19041.1110_none_60b5254171f9507e;C:\Users\Nam\.vscode\extensions\redhat.java-1.21.0-win32-x64\jre\17.0.7-win32-x86_64\bin\server

VM Arguments:
jvm_args: -Dcom.sun.management.jmxremote -Dcom.sun.management.jmxremote.port=57475 -Dcom.sun.management.jmxremote.authenticate=false -Dcom.sun.management.jmxremote.ssl=false -Dspring.jmx.enabled=true -Djava.rmi.server.hostname=localhost -Dspring.application.admin.enabled=true -Dspring.boot.project.name=nam -XX:+ShowCodeDetailsInExceptionMessages 
java_command: com.spcof.nam.NamApplication
java_class_path (initial): D:\SP\nam\target\classes;C:\Users\Nam\.m2\repository\org\springframework\boot\spring-boot-starter-thymeleaf\3.1.3\spring-boot-starter-thymeleaf-3.1.3.jar;C:\Users\Nam\.m2\repository\org\springframework\boot\spring-boot-starter\3.1.3\spring-boot-starter-3.1.3.jar;C:\Users\Nam\.m2\repository\org\springframework\boot\spring-boot-starter-logging\3.1.3\spring-boot-starter-logging-3.1.3.jar;C:\Users\Nam\.m2\repository\ch\qos\logback\logback-classic\1.4.11\logback-classic-1.4.11.jar;C:\Users\Nam\.m2\repository\ch\qos\logback\logback-core\1.4.11\logback-core-1.4.11.jar;C:\Users\Nam\.m2\repository\org\apache\logging\log4j\log4j-to-slf4j\2.20.0\log4j-to-slf4j-2.20.0.jar;C:\Users\Nam\.m2\repository\org\apache\logging\log4j\log4j-api\2.20.0\log4j-api-2.20.0.jar;C:\Users\Nam\.m2\repository\org\slf4j\jul-to-slf4j\2.0.7\jul-to-slf4j-2.0.7.jar;C:\Users\Nam\.m2\repository\jakarta\annotation\jakarta.annotation-api\2.1.1\jakarta.annotation-api-2.1.1.jar;C:\Users\Nam\.m2\repository\org\yaml\snakeyaml\1.33\snakeyaml-1.33.jar;C:\Users\Nam\.m2\repository\org\thymeleaf\thymeleaf-spring6\3.1.2.RELEASE\thymeleaf-spring6-3.1.2.RELEASE.jar;C:\Users\Nam\.m2\repository\org\thymeleaf\thymeleaf\3.1.2.RELEASE\thymeleaf-3.1.2.RELEASE.jar;C:\Users\Nam\.m2\repository\org\attoparser\attoparser\2.0.7.RELEASE\attoparser-2.0.7.RELEASE.jar;C:\Users\Nam\.m2\repository\org\unbescape\unbescape\1.1.6.RELEASE\unbescape-1.1.6.RELEASE.jar;C:\Users\Nam\.m2\repository\org\slf4j\slf4j-api\2.0.7\slf4j-api-2.0.7.jar;C:\Users\Nam\.m2\repository\org\springframework\boot\spring-boot-starter-web\3.1.3\spring-boot-starter-web-3.1.3.jar;C:\Users\Nam\.m2\repository\org\springframework\boot\spring-boot-starter-json\3.1.3\spring-boot-starter-json-3.1.3.jar;C:\Users\Nam\.m2\repository\com\fasterxml\jackson\core\jackson-databind\2.15.2\jackson-databind-2.15.2.jar;C:\Users\Nam\.m2\repository\com\fasterxml\jackson\core\jackson-annotations\2.15.2\jackson-annotations-2.15.2.jar;C:\Users\Nam\.m2\repositor
Launcher Type: SUN_STANDARD

[Global flags]
     intx CICompilerCount                          = 3                                         {product} {ergonomic}
     uint ConcGCThreads                            = 1                                         {product} {ergonomic}
     uint G1ConcRefinementThreads                  = 4                                         {product} {ergonomic}
   size_t G1HeapRegionSize                         = 1048576                                   {product} {ergonomic}
    uintx GCDrainStackTargetSize                   = 64                                        {product} {ergonomic}
   size_t InitialHeapSize                          = 98566144                                  {product} {ergonomic}
     bool ManagementServer                         = true                                      {product} {command line}
   size_t MarkStackSize                            = 4194304                                   {product} {ergonomic}
   size_t MaxHeapSize                              = 1577058304                                {product} {ergonomic}
   size_t MaxNewSize                               = 945815552                                 {product} {ergonomic}
   size_t MinHeapDeltaBytes                        = 1048576                                   {product} {ergonomic}
   size_t MinHeapSize                              = 8388608                                   {product} {ergonomic}
    uintx NonNMethodCodeHeapSize                   = 5832780                                {pd product} {ergonomic}
    uintx NonProfiledCodeHeapSize                  = 122912730                              {pd product} {ergonomic}
    uintx ProfiledCodeHeapSize                     = 122912730                              {pd product} {ergonomic}
    uintx ReservedCodeCacheSize                    = 251658240                              {pd product} {ergonomic}
     bool SegmentedCodeCache                       = true                                      {product} {ergonomic}
     bool ShowCodeDetailsInExceptionMessages       = true                                   {manageable} {command line}
   size_t SoftMaxHeapSize                          = 1577058304                             {manageable} {ergonomic}
     bool UseCompressedClassPointers               = true                           {product lp64_product} {ergonomic}
     bool UseCompressedOops                        = true                           {product lp64_product} {ergonomic}
     bool UseG1GC                                  = true                                      {product} {ergonomic}
     bool UseLargePagesIndividualAllocation        = false                                  {pd product} {ergonomic}

Logging:
Log output configuration:
 #0: stdout all=warning uptime,level,tags
 #1: stderr all=off uptime,level,tags

Environment Variables:
JAVA_HOME=C:\Program Files\Java\jdk1.8.0_291
PATH=C:\Program Files\Common Files\Oracle\Java\javapath;C:\Program Files (x86)\NVIDIA Corporation\PhysX\Common;C:\Program Files (x86)\Common Files\Oracle\Java\javapath;C:\Windows\system32;C:\Windows;C:\Windows\System32\Wbem;C:\Windows\System32\WindowsPowerShell\v1.0\;C:\Windows\System32\OpenSSH\;C:\apache-maven-3.9.3\bin;C:\Program Files\Java\jdk1.8.0_291\bin;C:\Program Files\Git\cmd;C:\Users\Nam\AppData\Local\Programs\Python\Python311\Scripts\;C:\Users\Nam\AppData\Local\Programs\Python\Python311\;C:\Users\Nam\AppData\Local\Microsoft\WindowsApps;C:\Users\Nam\AppData\Local\Programs\Microsoft VS Code\bin;C:\apache-maven-3.9.3\bin;C:\Program Files\Java\jdk1.8.0_291\bin;;C:\Program Files\JetBrains\PyCharm Community Edition 2023.2\bin;
USERNAME=Nam
LANG=en_US.UTF-8
OS=Windows_NT
PROCESSOR_IDENTIFIER=Intel64 Family 6 Model 58 Stepping 9, GenuineIntel
TMP=C:\Users\Nam\AppData\Local\Temp
TEMP=C:\Users\Nam\AppData\Local\Temp



---------------  S Y S T E M  ---------------

OS:
 Windows 10 , 64 bit Build 19041 (10.0.19041.3031)
OS uptime: 2 days 1:34 hours

CPU: total 4 (initial active 4) (2 cores per cpu, 2 threads per core) family 6 model 58 stepping 9 microcode 0x21, cx8, cmov, fxsr, ht, mmx, sse, sse2, sse3, ssse3, sse4.1, sse4.2, popcnt, tsc, tscinvbit, avx, aes, erms, clmul, vzeroupper, clflush

Memory: 4k page, system-wide physical 6011M (1226M free)
TotalPageFile size 8059M (AvailPageFile size 0M)
current process WorkingSet (physical memory assigned to process): 180M, peak: 206M
current process commit charge ("private bytes"): 216M, peak: 230M

vm_info: OpenJDK 64-Bit Server VM (17.0.7+7) for windows-amd64 JRE (17.0.7+7), built on Apr 18 2023 22:10:42 by "temurin" with MS VC++ 16.7 (VS2019)

END.
